<?xml version="1.0" encoding="UTF-8"?>
<robot generator="Robot 4.1.1 (Python 3.9.7 on win32)" generated="20211011 09:58:20.652" rpa="false" schemaversion="2">
<suite id="s1" name="AmazonTests" source="C:\Users\288054J\Documents\Repos\RobotTrail\Tests\AmazonTests.robot">
<test id="s1-t1" name="User must sign in to continue">
<kw name="Open the browser" library="Common">
<kw name="Open Browser" library="SeleniumLibrary">
<arg>about:blank</arg>
<arg>chrome</arg>
<arg>options=add_argument("--headless"); add_argument("--no-sandbox"); add_argument("--start-maximized")</arg>
<doc>Opens a new browser instance to the optional ``url``.</doc>
<msg timestamp="20211011 09:58:20.840" level="INFO">Opening browser 'chrome' to base url 'about:blank'.</msg>
<status status="PASS" starttime="20211011 09:58:20.840" endtime="20211011 09:58:22.032"/>
</kw>
<status status="PASS" starttime="20211011 09:58:20.840" endtime="20211011 09:58:22.033"/>
</kw>
<kw name="Launch Application under Test" library="Amazon">
<kw name="Go To" library="SeleniumLibrary">
<arg>http://amazon.com.au</arg>
<doc>Navigates the current browser window to the provided ``url``.</doc>
<msg timestamp="20211011 09:58:22.033" level="INFO">Opening url 'http://amazon.com.au'</msg>
<status status="PASS" starttime="20211011 09:58:22.033" endtime="20211011 09:58:24.695"/>
</kw>
<status status="PASS" starttime="20211011 09:58:22.033" endtime="20211011 09:58:24.695"/>
</kw>
<kw name="Search for an item to purchase" library="Amazon">
<kw name="Wait Until Page Contains" library="SeleniumLibrary">
<arg>Select your address</arg>
<doc>Waits until ``text`` appears on the current page.</doc>
<status status="PASS" starttime="20211011 09:58:24.697" endtime="20211011 09:58:24.753"/>
</kw>
<kw name="Input Text" library="SeleniumLibrary">
<arg>twotabsearchtextbox</arg>
<arg>OMOTON</arg>
<doc>Types the given ``text`` into the text field identified by ``locator``.</doc>
<msg timestamp="20211011 09:58:24.754" level="INFO">Typing text 'OMOTON' into text field 'twotabsearchtextbox'.</msg>
<status status="PASS" starttime="20211011 09:58:24.754" endtime="20211011 09:58:24.844"/>
</kw>
<kw name="Click Button" library="SeleniumLibrary">
<arg>nav-search-submit-button</arg>
<doc>Clicks the button identified by ``locator``.</doc>
<msg timestamp="20211011 09:58:24.844" level="INFO">Clicking button 'nav-search-submit-button'.</msg>
<status status="PASS" starttime="20211011 09:58:24.844" endtime="20211011 09:58:27.213"/>
</kw>
<kw name="Wait Until Page Contains" library="SeleniumLibrary">
<arg>results for "OMOTON"</arg>
<doc>Waits until ``text`` appears on the current page.</doc>
<status status="PASS" starttime="20211011 09:58:27.214" endtime="20211011 09:58:27.251"/>
</kw>
<kw name="Click Element" library="SeleniumLibrary">
<arg>xpath=//*[contains(text(),'OMOTON Ultra-Slim Bluetooth Wireless Keyboard, White')]</arg>
<doc>Click the element identified by ``locator``.</doc>
<msg timestamp="20211011 09:58:27.251" level="INFO">Clicking element 'xpath=//*[contains(text(),'OMOTON Ultra-Slim Bluetooth Wireless Keyboard, White')]'.</msg>
<status status="PASS" starttime="20211011 09:58:27.251" endtime="20211011 09:58:29.388"/>
</kw>
<kw name="Wait Until Page Contains" library="SeleniumLibrary">
<arg>Back to results</arg>
<doc>Waits until ``text`` appears on the current page.</doc>
<status status="PASS" starttime="20211011 09:58:29.388" endtime="20211011 09:58:29.440"/>
</kw>
<status status="PASS" starttime="20211011 09:58:24.696" endtime="20211011 09:58:29.440"/>
</kw>
<kw name="Add Item to Shopping cart" library="Amazon">
<kw name="Click Button" library="SeleniumLibrary">
<arg>add-to-cart-button</arg>
<doc>Clicks the button identified by ``locator``.</doc>
<msg timestamp="20211011 09:58:29.441" level="INFO">Clicking button 'add-to-cart-button'.</msg>
<status status="PASS" starttime="20211011 09:58:29.441" endtime="20211011 09:58:29.631"/>
</kw>
<status status="PASS" starttime="20211011 09:58:29.441" endtime="20211011 09:58:29.631"/>
</kw>
<kw name="Proceed to checkout" library="Amazon">
<kw name="Wait Until Element Is Visible" library="SeleniumLibrary">
<arg>Proceed to checkout (1 item)</arg>
<doc>Waits until the element ``locator`` is visible.</doc>
<kw name="Capture Page Screenshot" library="SeleniumLibrary">
<doc>Takes a screenshot of the current page and embeds it into a log file.</doc>
<msg timestamp="20211011 09:58:34.796" level="INFO" html="true">&lt;/td&gt;&lt;/tr&gt;&lt;tr&gt;&lt;td colspan="3"&gt;&lt;a href="selenium-screenshot-4.png"&gt;&lt;img src="selenium-screenshot-4.png" width="800px"&gt;&lt;/a&gt;</msg>
<status status="PASS" starttime="20211011 09:58:34.695" endtime="20211011 09:58:34.796"/>
</kw>
<msg timestamp="20211011 09:58:34.798" level="FAIL">Element 'Proceed to checkout (1 item)' not visible after 5 seconds.</msg>
<status status="FAIL" starttime="20211011 09:58:29.632" endtime="20211011 09:58:34.798"/>
</kw>
<kw name="Click Link" library="SeleniumLibrary">
<arg>Proceed to checkout (1 item)</arg>
<doc>Clicks a link identified by ``locator``.</doc>
<status status="NOT RUN" starttime="20211011 09:58:34.798" endtime="20211011 09:58:34.798"/>
</kw>
<status status="FAIL" starttime="20211011 09:58:29.632" endtime="20211011 09:58:34.798"/>
</kw>
<kw name="User should be prompted to login to the portal" library="Amazon">
<status status="NOT RUN" starttime="20211011 09:58:34.799" endtime="20211011 09:58:34.799"/>
</kw>
<kw name="Close the browser" library="Common">
<status status="NOT RUN" starttime="20211011 09:58:34.799" endtime="20211011 09:58:34.799"/>
</kw>
<doc>To check that the user is prompted to login</doc>
<tag>sripada</tag>
<status status="FAIL" starttime="20211011 09:58:20.839" endtime="20211011 09:58:34.800">Element 'Proceed to checkout (1 item)' not visible after 5 seconds.</status>
</test>
<status status="FAIL" starttime="20211011 09:58:20.654" endtime="20211011 09:58:34.802"/>
</suite>
<statistics>
<total>
<stat pass="0" fail="1" skip="0">All Tests</stat>
</total>
<tag>
<stat pass="0" fail="1" skip="0">sripada</stat>
</tag>
<suite>
<stat pass="0" fail="1" skip="0" id="s1" name="AmazonTests">AmazonTests</stat>
</suite>
</statistics>
<errors>
</errors>
</robot>
